C51 COMPILER V9.02   FRIST_CLASS                                                           11/07/2016 20:32:12 PAGE 1   


C51 COMPILER V9.02, COMPILATION OF MODULE FRIST_CLASS
OBJECT MODULE PLACED IN frist_class.OBJ
COMPILER INVOKED BY: C:\Keil\C51\BIN\C51.EXE frist_class.c BROWSE DEBUG OBJECTEXTEND

line level    source

   1          #include <reg52.h>
   2          
   3          sbit LED1 = P1^0;
   4          sbit LED2 = P1^1;
   5          sbit LED3 = P1^4;
   6          int main()
   7                  {
   8   1              LED1 = 0;
   9   1              LED2 = 1;
  10   1              LED3 = 0;
  11   1              return 0;
  12   1              }


MODULE INFORMATION:   STATIC OVERLAYABLE
   CODE SIZE        =     10    ----
   CONSTANT SIZE    =   ----    ----
   XDATA SIZE       =   ----    ----
   PDATA SIZE       =   ----    ----
   DATA SIZE        =   ----    ----
   IDATA SIZE       =   ----    ----
   BIT SIZE         =   ----    ----
END OF MODULE INFORMATION.


C51 COMPILATION COMPLETE.  0 WARNING(S),  0 ERROR(S)
