A51 MACRO ASSEMBLER  LED                                                                  12/15/2016 12:19:35 PAGE     1


MACRO ASSEMBLER A51 V8.02
OBJECT MODULE PLACED IN led.OBJ
ASSEMBLER INVOKED BY: C:\Keil\C51\BIN\A51.EXE led.asm SET(SMALL) DEBUG EP

LOC  OBJ            LINE     SOURCE

0000                   1             ORG     0000H
0000 020030            2             LJMP    MAIN
0030                   3             ORG     0030H
0030 740A              4     MAIN:MOV     A,#0AH
0032 F590              5             MOV     P1,A
0034 F5B0              6             MOV             P3,A
0036 758000            7             MOV             P0,#00H
0039 80FE              8             JMP     $
                       9             END
                             
                                     
A51 MACRO ASSEMBLER  LED                                                                  12/15/2016 12:19:35 PAGE     2

SYMBOL TABLE LISTING
------ ----- -------


N A M E             T Y P E  V A L U E   ATTRIBUTES

MAIN . . . . . . .  C ADDR   0030H   A   
P0 . . . . . . . .  D ADDR   0080H   A   
P1 . . . . . . . .  D ADDR   0090H   A   
P3 . . . . . . . .  D ADDR   00B0H   A   


REGISTER BANK(S) USED: 0 


ASSEMBLY COMPLETE.  0 WARNING(S), 0 ERROR(S)
