
ASEM-51 V1.3                                         Copyright (c) 2002 by W.W. Heinz                                         PAGE 1





       MCS-51 Family Macro Assembler   A S E M - 5 1   V 1.3
       =====================================================



	Source File:	F:\Code\My_89C51_noob\循环大法好\LOOP.asm
	Object File:	F:\Code\My_89C51_noob\循环大法好\LOOP.hex
	List File:	F:\Code\My_89C51_noob\循环大法好\LOOP.lst



 Line  I  Addr  Code            Source

    1:		N      0000	ORG		0000H
    2:	  0000	01 30		AJMP	MAIN
    3:		N      0030	ORG		0030H
    4:	  0030	7B FE		MAIN:MOV	R3,#0FEH
    5:	  0032	7C 7F			 MOV	R4,#7FH
    6:	  0034	7D 08			 MOV	R5,#8
    7:	  0036	7E 08			 MOV	R6,#8
    8:	  0038	8B 90		LOOP:MOV	P1,R3
    9:	  003A	EB			 MOV	A,R3
   10:	  003B	23			 RL		A
   11:	  003C	FB			 MOV	R3,A
   12:	  003D	12 00 53		 LCALL	DELAY
   13:	  0040	DE F6			 DJNZ	R6,LOOP
   14:	  0042	7D 08			 MOV	R5,#8
   15:	  0044	8C 90		LOOP1:MOV	P1,R4
   16:	  0046	EC			 MOV	A,R4
   17:	  0047	03			 RR		A
   18:	  0048	FC			 MOV	R4,A
   19:	  0049	12 00 53		 LCALL  DELAY
   20:	  004C	DD F6			 DJNZ	R5,LOOP1
   21:	  004E	7E 08			 MOV	R6,#8
   22:	  0050	12 00 38		 LCALL	LOOP
   23:
   24:	  0053	7A 05		DELAY:MOV 	R2,#5
   25:	  0055	78 C8		LP:	MOV 	R0,#200
   26:	  0057	79 FA		LP1:MOV 	R1,#250
   27:	  0059	D9 FE			DJNZ 	R1,$
   28:	  005B	D8 FA			DJNZ 	R0,LP1
   29:	  005D	DA F6			DJNZ 	R2,LP
   30:	  005F	22			RET
   31:					END





                     register banks used:  ---

                     no errors




ASEM-51 V1.3                                         Copyright (c) 2002 by W.W. Heinz                                         PAGE 2





	       L I S T   O F   S Y M B O L S
	       =============================


SYMBOL				  TYPE     VALUE	LINE
------------------------------------------------------------
??ASEM_51			  NUMBER    8051
??VERSION			  NUMBER    0130
AC				  BIT	      D6
ACC				  DATA	      E0
B				  DATA	      F0
CY				  BIT	      D7
DELAY				  CODE	    0053	  24
DPH				  DATA	      83
DPL				  DATA	      82
EA				  BIT	      AF
ES				  BIT	      AC
ET0				  BIT	      A9
ET1				  BIT	      AB
EX0				  BIT	      A8
EX1				  BIT	      AA
EXTI0				  CODE	    0003
EXTI1				  CODE	    0013
F0				  BIT	      D5
IE				  DATA	      A8
IE0				  BIT	      89
IE1				  BIT	      8B
INT0				  BIT	      B2
INT1				  BIT	      B3
IP				  DATA	      B8
IT0				  BIT	      88
IT1				  BIT	      8A
LOOP				  CODE	    0038	   8
LOOP1				  CODE	    0044	  15
LP				  CODE	    0055	  25
LP1				  CODE	    0057	  26
MAIN				  CODE	    0030	   4
OV				  BIT	      D2
P				  BIT	      D0
P0				  DATA	      80
P1				  DATA	      90
P2				  DATA	      A0
P3				  DATA	      B0
PCON				  DATA	      87
PS				  BIT	      BC
PSW				  DATA	      D0
PT0				  BIT	      B9
PT1				  BIT	      BB
PX0				  BIT	      B8
PX1				  BIT	      BA
RB8				  BIT	      9A
RD				  BIT	      B7
REN				  BIT	      9C
RESET				  CODE	    0000
RI				  BIT	      98
RS0				  BIT	      D3

ASEM-51 V1.3                                         Copyright (c) 2002 by W.W. Heinz                                         PAGE 3



SYMBOL				  TYPE     VALUE	LINE
------------------------------------------------------------
RS1				  BIT	      D4
RXD				  BIT	      B0
SBUF				  DATA	      99
SCON				  DATA	      98
SINT				  CODE	    0023
SM0				  BIT	      9F
SM1				  BIT	      9E
SM2				  BIT	      9D
SP				  DATA	      81
T0				  BIT	      B4
T1				  BIT	      B5
TB8				  BIT	      9B
TCON				  DATA	      88
TF0				  BIT	      8D
TF1				  BIT	      8F
TH0				  DATA	      8C
TH1				  DATA	      8D
TI				  BIT	      99
TIMER0				  CODE	    000B
TIMER1				  CODE	    001B
TL0				  DATA	      8A
TL1				  DATA	      8B
TMOD				  DATA	      89
TR0				  BIT	      8C
TR1				  BIT	      8E
TXD				  BIT	      B1
WR				  BIT	      B6
